<?xml version="1.0" encoding="utf-8"?><testsuites name="pytest tests"><testsuite name="pytest" errors="0" failures="0" skipped="0" tests="21" time="5.387" timestamp="2026-07-28T01:49:45.651760+00:00" hostname="agent-env-332cc662-69fc-422f-9d78-4dc63624179b"><testcase classname="tests.test_beautify_api.TestTasks" name="test_create_task" time="0.250" /><testcase classname="tests.test_beautify_api.TestJournal" name="test_create_journal" time="0.250" /><testcase classname="tests.test_beautify_api.TestTasks" name="test_update_task" time="0.146" /><testcase classname="tests.test_beautify_api.TestJournal" name="test_get_journal" time="0.143" /><testcase classname="tests.test_beautify_api.TestJournal" name="test_delete_journal" time="0.138" /><testcase classname="tests.test_beautify_api.TestTasks" name="test_get_tasks" time="0.034" /><testcase classname="tests.test_beautify_api.TestTasks" name="test_delete_task" time="0.031" /><testcase classname="tests.test_beautify_api.TestAffirmations" name="test_create_affirmation" time="0.074" /><testcase classname="tests.test_beautify_api.TestNotes" name="test_create_note" time="0.072" /><testcase classname="tests.test_beautify_api.TestAffirmations" name="test_get_affirmations" time="0.032" /><testcase classname="tests.test_beautify_api.TestAffirmations" name="test_delete_affirmation" time="0.078" /><testcase classname="tests.test_beautify_api.TestNotes" name="test_get_notes" time="0.029" /><testcase classname="tests.test_beautify_api.TestNotes" name="test_delete_note" time="0.028" /><testcase classname="tests.test_beautify_api.TestDeclutter" name="test_get_default_declutter" time="0.076" /><testcase classname="tests.test_beautify_api.TestStats" name="test_get_stats" time="0.069" /><testcase classname="tests.test_beautify_api.TestDeclutter" name="test_update_declutter" time="0.155" /><testcase classname="tests.test_beautify_api.TestStats" name="test_update_stats" time="0.038" /><testcase classname="tests.test_beautify_api.TestMood" name="test_create_and_list_mood" time="0.101" /><testcase classname="tests.test_beautify_api.TestAIReset" name="test_ai_reset_stream" time="4.176" /><testcase classname="tests.test_beautify_api.TestHealth" name="test_root" time="0.072" /><testcase classname="tests.test_beautify_api.TestFeedback" name="test_create_and_get_feedback" time="0.186" /></testsuite></testsuites>