<?xml version="1.0" encoding="utf-8"?><testsuites name="pytest tests"><testsuite name="pytest" errors="0" failures="0" skipped="0" tests="47" time="33.699" timestamp="2026-09-02T00:04:19.710087+00:00" hostname="agent-env-332cc662-69fc-422f-9d78-4dc63624179b"><testcase classname="tests.test_auth_and_protection.TestProtectedPOST" name="test_post_requires_auth[/journal-body0]" time="0.107" /><testcase classname="tests.test_auth_and_protection.TestProtectedGET" name="test_get_requires_auth[/journal]" time="0.120" /><testcase classname="tests.test_auth_and_protection.TestProtectedPOST" name="test_post_requires_auth[/notes-body1]" time="0.069" /><testcase classname="tests.test_auth_and_protection.TestProtectedGET" name="test_get_requires_auth[/notes]" time="0.027" /><testcase classname="tests.test_auth_and_protection.TestProtectedGET" name="test_get_requires_auth[/feedback]" time="0.028" /><testcase classname="tests.test_auth_and_protection.TestProtectedGET" name="test_get_requires_auth[/mood]" time="0.079" /><testcase classname="tests.test_auth_and_protection.TestProtectedPOST" name="test_post_requires_auth[/feedback-body2]" time="0.068" /><testcase classname="tests.test_auth_and_protection.TestProtectedPOST" name="test_post_requires_auth[/mood-body3]" time="0.068" /><testcase classname="tests.test_auth_and_protection.TestProtectedGET" name="test_get_requires_auth[/tasks]" time="0.028" /><testcase classname="tests.test_auth_and_protection.TestProtectedGET" name="test_get_requires_auth[/affirmations]" time="0.071" /><testcase classname="tests.test_auth_and_protection.TestProtectedPOST" name="test_post_requires_auth[/tasks-body4]" time="0.067" /><testcase classname="tests.test_auth_and_protection.TestProtectedGET" name="test_get_requires_auth[/declutter]" time="0.030" /><testcase classname="tests.test_auth_and_protection.TestProtectedPOST" name="test_post_requires_auth[/affirmations-body5]" time="0.066" /><testcase classname="tests.test_auth_and_protection.TestProtectedGET" name="test_get_requires_auth[/stats]" time="0.027" /><testcase classname="tests.test_auth_and_protection.TestProtectedGET" name="test_get_requires_auth[/me/subscription]" time="0.082" /><testcase classname="tests.test_auth_and_protection.TestProtectedPOST" name="test_post_requires_auth[/ai/reset-body6]" time="0.027" /><testcase classname="tests.test_auth_and_protection.TestProtectedPOST" name="test_post_requires_auth[/stripe/create-checkout-session-body7]" time="0.070" /><testcase classname="tests.test_ai_claude_integration.TestAINoAuth" name="test_usage_401" time="0.084" /><testcase classname="tests.test_auth_and_protection.TestAuthEndpoints" name="test_me_requires_auth" time="0.067" /><testcase classname="tests.test_ai_claude_integration.TestAINoAuth" name="test_reset_401" time="0.062" /><testcase classname="tests.test_auth_and_protection.TestAuthEndpoints" name="test_me_bad_bearer" time="0.067" /><testcase classname="tests.test_ai_claude_integration.TestAINoAuth" name="test_journal_insights_401" time="0.109" /><testcase classname="tests.test_auth_and_protection.TestAuthEndpoints" name="test_session_endpoint_exists_and_rejects_invalid" time="0.229" /><testcase classname="tests.test_ai_claude_integration.TestAINoAuth" name="test_affirmation_401" time="0.080" /><testcase classname="tests.test_ai_claude_integration.TestAINoAuth" name="test_moderate_401" time="0.069" /><testcase classname="tests.test_auth_and_protection.TestAdminEndpoints" name="test_admin_get_requires_auth[/admin/stats]" time="0.105" /><testcase classname="tests.test_auth_and_protection.TestAuthEndpoints" name="test_session_endpoint_validates_body" time="0.026" /><testcase classname="tests.test_auth_and_protection.TestAuthEndpoints" name="test_logout_no_auth_ok" time="0.028" /><testcase classname="tests.test_ai_claude_integration.TestAIUsage" name="test_free_user_usage_shape" time="0.093" /><testcase classname="tests.test_auth_and_protection.TestAdminEndpoints" name="test_admin_get_requires_auth[/admin/users]" time="0.069" /><testcase classname="tests.test_ai_claude_integration.TestAIUsage" name="test_premium_user_unlimited_shape" time="0.077" /><testcase classname="tests.test_auth_and_protection.TestAdminEndpoints" name="test_admin_get_requires_auth[/admin/feedback]" time="0.068" /><testcase classname="tests.test_ai_claude_integration.TestAIUsage" name="test_admin_user_unlimited" time="0.091" /><testcase classname="tests.test_auth_and_protection.TestAdminEndpoints" name="test_admin_get_requires_auth[/admin/moderation-log]" time="0.068" /><testcase classname="tests.test_auth_and_protection.TestAdminEndpoints" name="test_admin_moderate_requires_auth" time="0.067" /><testcase classname="tests.test_ai_claude_integration.TestAIModerate" name="test_moderate_safe_short_circuit" time="0.180" /><testcase classname="tests.test_ai_claude_integration.TestAIAffirmation" name="test_affirmation_default_theme" time="1.607" /><testcase classname="tests.test_ai_claude_integration.TestAIModerate" name="test_moderate_actual_call_not_counted" time="1.456" /><testcase classname="tests.test_ai_claude_integration.TestAIJournalInsights" name="test_insights_400_when_no_data" time="0.074" /><testcase classname="tests.test_ai_claude_integration.TestAIAffirmation" name="test_affirmation_with_theme" time="1.632" /><testcase classname="tests.test_ai_claude_integration.TestAIJournalInsights" name="test_insights_with_seeded_journal" time="4.036" /><testcase classname="tests.test_ai_claude_integration.TestQuotaEnforcement" name="test_free_user_4th_call_is_429" time="19.425" /><testcase classname="tests.test_ai_claude_integration.TestAIReset" name="test_reset_streams_data" time="4.293" /><testcase classname="tests.test_ai_claude_integration.TestQuotaIncrementsAcrossEndpoints" name="test_reset_affirmation_insights_all_count" time="11.797" /><testcase classname="tests.test_auth_and_protection.TestRateLimiterConfig" name="test_ai_reset_has_limiter_decorator" time="0.020" /><testcase classname="tests.test_ai_claude_integration.TestQuotaEnforcement" name="test_premium_user_beyond_free_limit" time="9.227" /><testcase classname="tests.test_auth_and_protection.TestPublic" name="test_root_message" time="0.096" /></testsuite></testsuites>