<?xml version="1.0" encoding="utf-8"?><testsuites name="pytest tests"><testsuite name="pytest" errors="0" failures="0" skipped="0" tests="27" time="18.399" timestamp="2026-09-02T02:54:34.155708+00:00" hostname="agent-env-332cc662-69fc-422f-9d78-4dc63624179b"><testcase classname="tests.test_subscription_tiers.TestAIUsageShape" name="test_free_no_welcome_week" time="0.123" /><testcase classname="tests.test_subscription_tiers.TestStripeCheckout" name="test_free_user_can_checkout_blossom" time="0.653" /><testcase classname="tests.test_subscription_tiers.TestAIUsageShape" name="test_blossom_tier" time="0.490" /><testcase classname="tests.test_subscription_tiers.TestAIUsageShape" name="test_grove_tier_unlimited" time="0.072" /><testcase classname="tests.test_subscription_tiers.TestStripeCheckout" name="test_free_user_can_checkout_grove" time="0.577" /><testcase classname="tests.test_subscription_tiers.TestAIUsageShape" name="test_admin_unlimited_regardless_of_tier" time="0.545" /><testcase classname="tests.test_subscription_tiers.TestStripeCheckout" name="test_blossom_user_checkout_blossom_409" time="0.071" /><testcase classname="tests.test_subscription_tiers.TestAIUsageShape" name="test_legacy_premium_normalizes_to_blossom" time="0.069" /><testcase classname="tests.test_subscription_tiers.TestStripeCheckout" name="test_grove_user_checkout_grove_409" time="0.120" /><testcase classname="tests.test_subscription_tiers.TestAdminUpdateTier" name="test_admin_can_set_grove" time="0.073" /><testcase classname="tests.test_subscription_tiers.TestAdminUpdateTier" name="test_admin_invalid_tier_400" time="0.114" /><testcase classname="tests.test_subscription_tiers.TestStripeCheckout" name="test_blossom_user_can_upgrade_to_grove" time="0.584" /><testcase classname="tests.test_subscription_tiers.TestAdminUpdateTier" name="test_admin_premium_normalizes_to_blossom" time="0.478" /><testcase classname="tests.test_subscription_tiers.TestNoAuth" name="test_start_welcome_week_401" time="0.116" /><testcase classname="tests.test_subscription_tiers.TestStripeCheckout" name="test_invalid_tier_400" time="0.084" /><testcase classname="tests.test_subscription_tiers.TestNoAuth" name="test_me_subscription_401" time="0.099" /><testcase classname="tests.test_subscription_tiers.TestStripeCheckout" name="test_no_auth_401" time="0.063" /><testcase classname="tests.test_subscription_tiers.TestWelcomeWeek" name="test_start_welcome_week_and_second_call_409" time="0.292" /><testcase classname="tests.test_subscription_tiers.TestNoAuth" name="test_usage_401" time="0.104" /><testcase classname="tests.test_subscription_tiers.TestBlossomMonthlyCap" name="test_blossom_31st_call_is_429" time="0.204" /><testcase classname="tests.test_subscription_tiers.TestWelcomeWeek" name="test_during_welcome_week_ai_calls_unlimited_and_not_counted" time="15.089" /><testcase classname="tests.test_subscription_tiers.TestBlossomMonthlyCap" name="test_blossom_30th_call_succeeds" time="2.290" /><testcase classname="tests.test_subscription_tiers.TestFreeWeeklyCap" name="test_free_4th_call_is_429_with_weekly_message" time="8.480" /><testcase classname="tests.test_subscription_tiers.TestAdminStats" name="test_stats_has_new_tier_keys" time="0.079" /><testcase classname="tests.test_subscription_tiers.TestModerationNotCounted" name="test_moderate_does_not_bump_weekly_or_monthly" time="1.623" /><testcase classname="tests.test_subscription_tiers.TestMeSubscription" name="test_me_subscription_shape_free" time="0.208" /><testcase classname="tests.test_subscription_tiers.TestMeSubscription" name="test_me_subscription_legacy_premium_normalized" time="0.180" /></testsuite></testsuites>